# JRE version: OpenJDK Runtime Environment Temurin-17.0.9+9 (17.0.9+9) (build 17.0.9+9)
# Java VM: OpenJDK 64-Bit Server VM Temurin-17.0.9+9 (17.0.9+9, mixed mode, tiered, compressed oops, compressed class ptrs, parallel gc, windows-amd64)
GC Precious Log:
 CPUs: 8 total, 8 available
 Memory: 16050M
 Large Page Support: Disabled
 NUMA Support: Disabled
 Compressed Oops: Enabled (32-bit)
 Alignments: Space 512K, Generation 512K, Heap 2M
 Heap Min Capacity: 100M
 Heap Initial Capacity: 100M
 Heap Max Capacity: 1G
 Pre-touch: Disabled
 Parallel Workers: 8
Heap:
 PSYoungGen      total 20992K, used 3567K [0x00000000eab00000, 0x00000000ec700000, 0x0000000100000000)
  eden space 17408K, 0% used [0x00000000eab00000,0x00000000eab00000,0x00000000ebc00000)
  from space 3584K, 99% used [0x00000000ec380000,0x00000000ec6fbcf0,0x00000000ec700000)
  to   space 5120K, 0% used [0x00000000ebd00000,0x00000000ebd00000,0x00000000ec200000)
 ParOldGen       total 201728K, used 199630K [0x00000000c0000000, 0x00000000cc500000, 0x00000000eab00000)
  object space 201728K, 98% used [0x00000000c0000000,0x00000000cc2f38e8,0x00000000cc500000)
 Metaspace       used 59045K, committed 59904K, reserved 1114112K
  class space    used 6534K, committed 6912K, reserved 1048576K
GC Heap History (20 events):
Event: 15.827 GC heap after
{Heap after GC invocations=112 (full 8):
 PSYoungGen      total 10752K, used 2551K [0x00000000eab00000, 0x00000000ebc00000, 0x0000000100000000)
  eden space 8192K, 0% used [0x00000000eab00000,0x00000000eab00000,0x00000000eb300000)
  from space 2560K, 99% used [0x00000000eb300000,0x00000000eb57dc48,0x00000000eb580000)
  to   space 4096K, 0% used [0x00000000eb800000,0x00000000eb800000,0x00000000ebc00000)
 ParOldGen       total 201728K, used 176272K [0x00000000c0000000, 0x00000000cc500000, 0x00000000eab00000)
  object space 201728K, 87% used [0x00000000c0000000,0x00000000cac24228,0x00000000cc500000)
 Metaspace       used 59038K, committed 59904K, reserved 1114112K
  class space    used 6534K, committed 6912K, reserved 1048576K
}
Event: 15.845 GC heap before
{Heap before GC invocations=113 (full 8):
 PSYoungGen      total 10752K, used 10743K [0x00000000eab00000, 0x00000000ebc00000, 0x0000000100000000)
  eden space 8192K, 100% used [0x00000000eab00000,0x00000000eb300000,0x00000000eb300000)
  from space 2560K, 99% used [0x00000000eb300000,0x00000000eb57dc48,0x00000000eb580000)
  to   space 4096K, 0% used [0x00000000eb800000,0x00000000eb800000,0x00000000ebc00000)
 ParOldGen       total 201728K, used 176272K [0x00000000c0000000, 0x00000000cc500000, 0x00000000eab00000)
  object space 201728K, 87% used [0x00000000c0000000,0x00000000cac24228,0x00000000cc500000)
 Metaspace       used 59045K, committed 59904K, reserved 1114112K
  class space    used 6534K, committed 6912K, reserved 1048576K
}
Event: 15.847 GC heap after
{Heap after GC invocations=113 (full 8):
 PSYoungGen      total 11264K, used 1813K [0x00000000eab00000, 0x00000000eba00000, 0x0000000100000000)
  eden space 9216K, 0% used [0x00000000eab00000,0x00000000eab00000,0x00000000eb400000)
  from space 2048K, 88% used [0x00000000eb800000,0x00000000eb9c56b0,0x00000000eba00000)
  to   space 2560K, 0% used [0x00000000eb500000,0x00000000eb500000,0x00000000eb780000)
 ParOldGen       total 201728K, used 178820K [0x00000000c0000000, 0x00000000cc500000, 0x00000000eab00000)
  object space 201728K, 88% used [0x00000000c0000000,0x00000000caea1220,0x00000000cc500000)
 Metaspace       used 59045K, committed 59904K, reserved 1114112K
  class space    used 6534K, committed 6912K, reserved 1048576K
}
Event: 15.866 GC heap before
{Heap before GC invocations=114 (full 8):
 PSYoungGen      total 11264K, used 11029K [0x00000000eab00000, 0x00000000eba00000, 0x0000000100000000)
  eden space 9216K, 100% used [0x00000000eab00000,0x00000000eb400000,0x00000000eb400000)
  from space 2048K, 88% used [0x00000000eb800000,0x00000000eb9c56b0,0x00000000eba00000)
  to   space 2560K, 0% used [0x00000000eb500000,0x00000000eb500000,0x00000000eb780000)
 ParOldGen       total 201728K, used 178820K [0x00000000c0000000, 0x00000000cc500000, 0x00000000eab00000)
  object space 201728K, 88% used [0x00000000c0000000,0x00000000caea1220,0x00000000cc500000)
 Metaspace       used 59045K, committed 59904K, reserved 1114112K
  class space    used 6534K, committed 6912K, reserved 1048576K
}
Event: 15.868 GC heap after
{Heap after GC invocations=114 (full 8):
 PSYoungGen      total 12800K, used 2546K [0x00000000eab00000, 0x00000000ebe00000, 0x0000000100000000)
  eden space 10240K, 0% used [0x00000000eab00000,0x00000000eab00000,0x00000000eb500000)
  from space 2560K, 99% used [0x00000000eb500000,0x00000000eb77caa8,0x00000000eb780000)
  to   space 4608K, 0% used [0x00000000eb980000,0x00000000eb980000,0x00000000ebe00000)
 ParOldGen       total 201728K, used 180041K [0x00000000c0000000, 0x00000000cc500000, 0x00000000eab00000)
  object space 201728K, 89% used [0x00000000c0000000,0x00000000cafd27e8,0x00000000cc500000)
 Metaspace       used 59045K, committed 59904K, reserved 1114112K
  class space    used 6534K, committed 6912K, reserved 1048576K
}
Event: 15.888 GC heap before
{Heap before GC invocations=115 (full 8):
 PSYoungGen      total 12800K, used 12786K [0x00000000eab00000, 0x00000000ebe00000, 0x0000000100000000)
  eden space 10240K, 100% used [0x00000000eab00000,0x00000000eb500000,0x00000000eb500000)
  from space 2560K, 99% used [0x00000000eb500000,0x00000000eb77caa8,0x00000000eb780000)
  to   space 4608K, 0% used [0x00000000eb980000,0x00000000eb980000,0x00000000ebe00000)
 ParOldGen       total 201728K, used 180041K [0x00000000c0000000, 0x00000000cc500000, 0x00000000eab00000)
  object space 201728K, 89% used [0x00000000c0000000,0x00000000cafd27e8,0x00000000cc500000)
 Metaspace       used 59045K, committed 59904K, reserved 1114112K
  class space    used 6534K, committed 6912K, reserved 1048576K
}
Event: 15.891 GC heap after
{Heap after GC invocations=115 (full 8):
 PSYoungGen      total 13824K, used 2311K [0x00000000eab00000, 0x00000000ebc00000, 0x0000000100000000)
  eden space 11264K, 0% used [0x00000000eab00000,0x00000000eab00000,0x00000000eb600000)
  from space 2560K, 90% used [0x00000000eb980000,0x00000000ebbc1cf8,0x00000000ebc00000)
  to   space 3072K, 0% used [0x00000000eb600000,0x00000000eb600000,0x00000000eb900000)
 ParOldGen       total 201728K, used 182626K [0x00000000c0000000, 0x00000000cc500000, 0x00000000eab00000)
  object space 201728K, 90% used [0x00000000c0000000,0x00000000cb258828,0x00000000cc500000)
 Metaspace       used 59045K, committed 59904K, reserved 1114112K
  class space    used 6534K, committed 6912K, reserved 1048576K
}
Event: 15.918 GC heap before
{Heap before GC invocations=116 (full 8):
 PSYoungGen      total 13824K, used 13575K [0x00000000eab00000, 0x00000000ebc00000, 0x0000000100000000)
  eden space 11264K, 100% used [0x00000000eab00000,0x00000000eb600000,0x00000000eb600000)
  from space 2560K, 90% used [0x00000000eb980000,0x00000000ebbc1cf8,0x00000000ebc00000)
  to   space 3072K, 0% used [0x00000000eb600000,0x00000000eb600000,0x00000000eb900000)
 ParOldGen       total 201728K, used 182626K [0x00000000c0000000, 0x00000000cc500000, 0x00000000eab00000)
  object space 201728K, 90% used [0x00000000c0000000,0x00000000cb258828,0x00000000cc500000)
 Metaspace       used 59045K, committed 59904K, reserved 1114112K
  class space    used 6534K, committed 6912K, reserved 1048576K
}
Event: 15.921 GC heap after
{Heap after GC invocations=116 (full 8):
 PSYoungGen      total 14336K, used 3043K [0x00000000eab00000, 0x00000000ec280000, 0x0000000100000000)
  eden space 11264K, 0% used [0x00000000eab00000,0x00000000eab00000,0x00000000eb600000)
  from space 3072K, 99% used [0x00000000eb600000,0x00000000eb8f8f38,0x00000000eb900000)
  to   space 5632K, 0% used [0x00000000ebd00000,0x00000000ebd00000,0x00000000ec280000)
 ParOldGen       total 201728K, used 184331K [0x00000000c0000000, 0x00000000cc500000, 0x00000000eab00000)
  object space 201728K, 91% used [0x00000000c0000000,0x00000000cb402ed0,0x00000000cc500000)
 Metaspace       used 59045K, committed 59904K, reserved 1114112K
  class space    used 6534K, committed 6912K, reserved 1048576K
}
Event: 15.946 GC heap before
{Heap before GC invocations=117 (full 8):
 PSYoungGen      total 14336K, used 14307K [0x00000000eab00000, 0x00000000ec280000, 0x0000000100000000)
  eden space 11264K, 100% used [0x00000000eab00000,0x00000000eb600000,0x00000000eb600000)
  from space 3072K, 99% used [0x00000000eb600000,0x00000000eb8f8f38,0x00000000eb900000)
  to   space 5632K, 0% used [0x00000000ebd00000,0x00000000ebd00000,0x00000000ec280000)
 ParOldGen       total 201728K, used 184331K [0x00000000c0000000, 0x00000000cc500000, 0x00000000eab00000)
  object space 201728K, 91% used [0x00000000c0000000,0x00000000cb402ed0,0x00000000cc500000)
 Metaspace       used 59045K, committed 59904K, reserved 1114112K
  class space    used 6534K, committed 6912K, reserved 1048576K
}
Event: 15.949 GC heap after
{Heap after GC invocations=117 (full 8):
 PSYoungGen      total 15872K, used 2800K [0x00000000eab00000, 0x00000000ec000000, 0x0000000100000000)
  eden space 12800K, 0% used [0x00000000eab00000,0x00000000eab00000,0x00000000eb780000)
  from space 3072K, 91% used [0x00000000ebd00000,0x00000000ebfbc138,0x00000000ec000000)
  to   space 3584K, 0% used [0x00000000eb900000,0x00000000eb900000,0x00000000ebc80000)
 ParOldGen       total 201728K, used 187404K [0x00000000c0000000, 0x00000000cc500000, 0x00000000eab00000)
  object space 201728K, 92% used [0x00000000c0000000,0x00000000cb703268,0x00000000cc500000)
 Metaspace       used 59045K, committed 59904K, reserved 1114112K
  class space    used 6534K, committed 6912K, reserved 1048576K
}
Event: 15.980 GC heap before
{Heap before GC invocations=118 (full 8):
 PSYoungGen      total 15872K, used 15600K [0x00000000eab00000, 0x00000000ec000000, 0x0000000100000000)
  eden space 12800K, 100% used [0x00000000eab00000,0x00000000eb780000,0x00000000eb780000)
  from space 3072K, 91% used [0x00000000ebd00000,0x00000000ebfbc138,0x00000000ec000000)
  to   space 3584K, 0% used [0x00000000eb900000,0x00000000eb900000,0x00000000ebc80000)
 ParOldGen       total 201728K, used 187404K [0x00000000c0000000, 0x00000000cc500000, 0x00000000eab00000)
  object space 201728K, 92% used [0x00000000c0000000,0x00000000cb703268,0x00000000cc500000)
 Metaspace       used 59045K, committed 59904K, reserved 1114112K
  class space    used 6534K, committed 6912K, reserved 1048576K
}
Event: 15.982 GC heap after
{Heap after GC invocations=118 (full 8):
 PSYoungGen      total 17920K, used 3566K [0x00000000eab00000, 0x00000000ec500000, 0x0000000100000000)
  eden space 14336K, 0% used [0x00000000eab00000,0x00000000eab00000,0x00000000eb900000)
  from space 3584K, 99% used [0x00000000eb900000,0x00000000ebc7bad8,0x00000000ebc80000)
  to   space 6144K, 0% used [0x00000000ebf00000,0x00000000ebf00000,0x00000000ec500000)
 ParOldGen       total 201728K, used 189406K [0x00000000c0000000, 0x00000000cc500000, 0x00000000eab00000)
  object space 201728K, 93% used [0x00000000c0000000,0x00000000cb8f78c8,0x00000000cc500000)
 Metaspace       used 59045K, committed 59904K, reserved 1114112K
  class space    used 6534K, committed 6912K, reserved 1048576K
}
Event: 16.011 GC heap before
{Heap before GC invocations=119 (full 8):
 PSYoungGen      total 17920K, used 17902K [0x00000000eab00000, 0x00000000ec500000, 0x0000000100000000)
  eden space 14336K, 100% used [0x00000000eab00000,0x00000000eb900000,0x00000000eb900000)
  from space 3584K, 99% used [0x00000000eb900000,0x00000000ebc7bad8,0x00000000ebc80000)
  to   space 6144K, 0% used [0x00000000ebf00000,0x00000000ebf00000,0x00000000ec500000)
 ParOldGen       total 201728K, used 189406K [0x00000000c0000000, 0x00000000cc500000, 0x00000000eab00000)
  object space 201728K, 93% used [0x00000000c0000000,0x00000000cb8f78c8,0x00000000cc500000)
 Metaspace       used 59045K, committed 59904K, reserved 1114112K
  class space    used 6534K, committed 6912K, reserved 1048576K
}
Event: 16.014 GC heap after
{Heap after GC invocations=119 (full 8):
 PSYoungGen      total 19456K, used 3106K [0x00000000eab00000, 0x00000000ec280000, 0x0000000100000000)
  eden space 15872K, 0% used [0x00000000eab00000,0x00000000eab00000,0x00000000eba80000)
  from space 3584K, 86% used [0x00000000ebf00000,0x00000000ec208848,0x00000000ec280000)
  to   space 4096K, 0% used [0x00000000eba80000,0x00000000eba80000,0x00000000ebe80000)
 ParOldGen       total 201728K, used 193016K [0x00000000c0000000, 0x00000000cc500000, 0x00000000eab00000)
  object space 201728K, 95% used [0x00000000c0000000,0x00000000cbc7e2e8,0x00000000cc500000)
 Metaspace       used 59045K, committed 59904K, reserved 1114112K
  class space    used 6534K, committed 6912K, reserved 1048576K
}
Event: 16.044 GC heap before
{Heap before GC invocations=120 (full 8):
 PSYoungGen      total 19456K, used 18978K [0x00000000eab00000, 0x00000000ec280000, 0x0000000100000000)
  eden space 15872K, 100% used [0x00000000eab00000,0x00000000eba80000,0x00000000eba80000)
  from space 3584K, 86% used [0x00000000ebf00000,0x00000000ec208848,0x00000000ec280000)
  to   space 4096K, 0% used [0x00000000eba80000,0x00000000eba80000,0x00000000ebe80000)
 ParOldGen       total 201728K, used 193016K [0x00000000c0000000, 0x00000000cc500000, 0x00000000eab00000)
  object space 201728K, 95% used [0x00000000c0000000,0x00000000cbc7e2e8,0x00000000cc500000)
 Metaspace       used 59045K, committed 59904K, reserved 1114112K
  class space    used 6534K, committed 6912K, reserved 1048576K
}
Event: 16.047 GC heap after
{Heap after GC invocations=120 (full 8):
 PSYoungGen      total 19968K, used 4071K [0x00000000eab00000, 0x00000000ecb00000, 0x0000000100000000)
  eden space 15872K, 0% used [0x00000000eab00000,0x00000000eab00000,0x00000000eba80000)
  from space 4096K, 99% used [0x00000000eba80000,0x00000000ebe79f20,0x00000000ebe80000)
  to   space 7680K, 0% used [0x00000000ec380000,0x00000000ec380000,0x00000000ecb00000)
 ParOldGen       total 201728K, used 195537K [0x00000000c0000000, 0x00000000cc500000, 0x00000000eab00000)
  object space 201728K, 96% used [0x00000000c0000000,0x00000000cbef4400,0x00000000cc500000)
 Metaspace       used 59045K, committed 59904K, reserved 1114112K
  class space    used 6534K, committed 6912K, reserved 1048576K
}
Event: 16.082 GC heap before
{Heap before GC invocations=121 (full 8):
 PSYoungGen      total 19968K, used 19943K [0x00000000eab00000, 0x00000000ecb00000, 0x0000000100000000)
  eden space 15872K, 100% used [0x00000000eab00000,0x00000000eba80000,0x00000000eba80000)
  from space 4096K, 99% used [0x00000000eba80000,0x00000000ebe79f20,0x00000000ebe80000)
  to   space 7680K, 0% used [0x00000000ec380000,0x00000000ec380000,0x00000000ecb00000)
 ParOldGen       total 201728K, used 195537K [0x00000000c0000000, 0x00000000cc500000, 0x00000000eab00000)
  object space 201728K, 96% used [0x00000000c0000000,0x00000000cbef4400,0x00000000cc500000)
 Metaspace       used 59045K, committed 59904K, reserved 1114112K
  class space    used 6534K, committed 6912K, reserved 1048576K
}
Event: 16.085 GC heap after
{Heap after GC invocations=121 (full 8):
 PSYoungGen      total 20992K, used 3567K [0x00000000eab00000, 0x00000000ec700000, 0x0000000100000000)
  eden space 17408K, 0% used [0x00000000eab00000,0x00000000eab00000,0x00000000ebc00000)
  from space 3584K, 99% used [0x00000000ec380000,0x00000000ec6fbcf0,0x00000000ec700000)
  to   space 5120K, 0% used [0x00000000ebd00000,0x00000000ebd00000,0x00000000ec200000)
 ParOldGen       total 201728K, used 199630K [0x00000000c0000000, 0x00000000cc500000, 0x00000000eab00000)
  object space 201728K, 98% used [0x00000000c0000000,0x00000000cc2f38e8,0x00000000cc500000)
 Metaspace       used 59045K, committed 59904K, reserved 1114112K
  class space    used 6534K, committed 6912K, reserved 1048576K
}
Event: 16.085 GC heap before
{Heap before GC invocations=122 (full 9):
 PSYoungGen      total 20992K, used 3567K [0x00000000eab00000, 0x00000000ec700000, 0x0000000100000000)
  eden space 17408K, 0% used [0x00000000eab00000,0x00000000eab00000,0x00000000ebc00000)
  from space 3584K, 99% used [0x00000000ec380000,0x00000000ec6fbcf0,0x00000000ec700000)
  to   space 5120K, 0% used [0x00000000ebd00000,0x00000000ebd00000,0x00000000ec200000)
 ParOldGen       total 201728K, used 199630K [0x00000000c0000000, 0x00000000cc500000, 0x00000000eab00000)
  object space 201728K, 98% used [0x00000000c0000000,0x00000000cc2f38e8,0x00000000cc500000)
 Metaspace       used 59045K, committed 59904K, reserved 1114112K
  class space    used 6534K, committed 6912K, reserved 1048576K
}

